Started GET "/" for ::1 at 2019-07-07 14:04:44 +0900
Processing by Rails::WelcomeController#index as HTML
  Rendering /Library/Ruby/Gems/2.3.0/gems/railties-5.2.3/lib/rails/templates/rails/welcome/index.html.erb
  Rendered /Library/Ruby/Gems/2.3.0/gems/railties-5.2.3/lib/rails/templates/rails/welcome/index.html.erb (4.1ms)
Completed 200 OK in 33ms (Views: 11.6ms | ActiveRecord: 0.0ms)


Started GET "/" for ::1 at 2019-07-07 14:05:38 +0900
Processing by HomeController#index as HTML
  Rendering home/index.html.erb within layouts/application
  Rendered home/index.html.erb within layouts/application (0.3ms)
Completed 200 OK in 827ms (Views: 823.2ms | ActiveRecord: 0.0ms)


Started GET "/" for ::1 at 2019-07-07 14:14:20 +0900
Processing by HomeController#index as HTML
  Rendering home/index.html.erb within layouts/application
  Rendered home/index.html.erb within layouts/application (0.6ms)
Completed 200 OK in 244ms (Views: 222.1ms | ActiveRecord: 0.0ms)


Started GET "/attack" for ::1 at 2019-07-07 14:14:21 +0900
Processing by HomeController#attack as HTML
  Rendering home/attack.html.erb within layouts/application
  Rendered home/attack.html.erb within layouts/application (0.4ms)
Completed 200 OK in 31ms (Views: 27.0ms | ActiveRecord: 0.0ms)


Started GET "/defence" for ::1 at 2019-07-07 14:14:23 +0900
  
ActionController::RoutingError (No route matches [GET] "/defence"):
  
actionpack (5.2.3) lib/action_dispatch/middleware/debug_exceptions.rb:65:in `call'
web-console (3.7.0) lib/web_console/middleware.rb:135:in `call_app'
web-console (3.7.0) lib/web_console/middleware.rb:30:in `block in call'
web-console (3.7.0) lib/web_console/middleware.rb:20:in `catch'
web-console (3.7.0) lib/web_console/middleware.rb:20:in `call'
actionpack (5.2.3) lib/action_dispatch/middleware/show_exceptions.rb:33:in `call'
railties (5.2.3) lib/rails/rack/logger.rb:38:in `call_app'
railties (5.2.3) lib/rails/rack/logger.rb:26:in `block in call'
activesupport (5.2.3) lib/active_support/tagged_logging.rb:71:in `block in tagged'
activesupport (5.2.3) lib/active_support/tagged_logging.rb:28:in `tagged'
activesupport (5.2.3) lib/active_support/tagged_logging.rb:71:in `tagged'
railties (5.2.3) lib/rails/rack/logger.rb:26:in `call'
sprockets-rails (3.2.1) lib/sprockets/rails/quiet_assets.rb:13:in `call'
actionpack (5.2.3) lib/action_dispatch/middleware/remote_ip.rb:81:in `call'
actionpack (5.2.3) lib/action_dispatch/middleware/request_id.rb:27:in `call'
rack (2.0.7) lib/rack/method_override.rb:22:in `call'
rack (2.0.7) lib/rack/runtime.rb:22:in `call'
activesupport (5.2.3) lib/active_support/cache/strategy/local_cache_middleware.rb:29:in `call'
actionpack (5.2.3) lib/action_dispatch/middleware/executor.rb:14:in `call'
actionpack (5.2.3) lib/action_dispatch/middleware/static.rb:127:in `call'
rack (2.0.7) lib/rack/sendfile.rb:111:in `call'
railties (5.2.3) lib/rails/engine.rb:524:in `call'
puma (3.12.1) lib/puma/configuration.rb:227:in `call'
puma (3.12.1) lib/puma/server.rb:660:in `handle_request'
puma (3.12.1) lib/puma/server.rb:474:in `process_client'
puma (3.12.1) lib/puma/server.rb:334:in `block in run'
puma (3.12.1) lib/puma/thread_pool.rb:135:in `block in spawn_thread'
Started GET "/" for ::1 at 2019-07-07 14:14:25 +0900
Processing by HomeController#index as HTML
  Rendering home/index.html.erb within layouts/application
  Rendered home/index.html.erb within layouts/application (0.4ms)
Completed 200 OK in 30ms (Views: 25.1ms | ActiveRecord: 0.0ms)


Started GET "/attack" for ::1 at 2019-07-07 14:14:26 +0900
Processing by HomeController#attack as HTML
  Rendering home/attack.html.erb within layouts/application
  Rendered home/attack.html.erb within layouts/application (0.3ms)
Completed 200 OK in 28ms (Views: 24.8ms | ActiveRecord: 0.0ms)


Started GET "/defence" for ::1 at 2019-07-07 14:14:28 +0900
  
ActionController::RoutingError (No route matches [GET] "/defence"):
  
actionpack (5.2.3) lib/action_dispatch/middleware/debug_exceptions.rb:65:in `call'
web-console (3.7.0) lib/web_console/middleware.rb:135:in `call_app'
web-console (3.7.0) lib/web_console/middleware.rb:30:in `block in call'
web-console (3.7.0) lib/web_console/middleware.rb:20:in `catch'
web-console (3.7.0) lib/web_console/middleware.rb:20:in `call'
actionpack (5.2.3) lib/action_dispatch/middleware/show_exceptions.rb:33:in `call'
railties (5.2.3) lib/rails/rack/logger.rb:38:in `call_app'
railties (5.2.3) lib/rails/rack/logger.rb:26:in `block in call'
activesupport (5.2.3) lib/active_support/tagged_logging.rb:71:in `block in tagged'
activesupport (5.2.3) lib/active_support/tagged_logging.rb:28:in `tagged'
activesupport (5.2.3) lib/active_support/tagged_logging.rb:71:in `tagged'
railties (5.2.3) lib/rails/rack/logger.rb:26:in `call'
sprockets-rails (3.2.1) lib/sprockets/rails/quiet_assets.rb:13:in `call'
actionpack (5.2.3) lib/action_dispatch/middleware/remote_ip.rb:81:in `call'
actionpack (5.2.3) lib/action_dispatch/middleware/request_id.rb:27:in `call'
rack (2.0.7) lib/rack/method_override.rb:22:in `call'
rack (2.0.7) lib/rack/runtime.rb:22:in `call'
activesupport (5.2.3) lib/active_support/cache/strategy/local_cache_middleware.rb:29:in `call'
actionpack (5.2.3) lib/action_dispatch/middleware/executor.rb:14:in `call'
actionpack (5.2.3) lib/action_dispatch/middleware/static.rb:127:in `call'
rack (2.0.7) lib/rack/sendfile.rb:111:in `call'
railties (5.2.3) lib/rails/engine.rb:524:in `call'
puma (3.12.1) lib/puma/configuration.rb:227:in `call'
puma (3.12.1) lib/puma/server.rb:660:in `handle_request'
puma (3.12.1) lib/puma/server.rb:474:in `process_client'
puma (3.12.1) lib/puma/server.rb:334:in `block in run'
puma (3.12.1) lib/puma/thread_pool.rb:135:in `block in spawn_thread'
Started GET "/" for ::1 at 2019-07-07 14:14:29 +0900
Processing by HomeController#index as HTML
  Rendering home/index.html.erb within layouts/application
  Rendered home/index.html.erb within layouts/application (0.3ms)
Completed 200 OK in 33ms (Views: 29.1ms | ActiveRecord: 0.0ms)


Started GET "/" for ::1 at 2019-07-07 14:15:13 +0900
Processing by HomeController#index as HTML
  Rendering home/index.html.erb within layouts/application
  Rendered home/index.html.erb within layouts/application (0.5ms)
Completed 200 OK in 29ms (Views: 25.5ms | ActiveRecord: 0.0ms)


Started GET "/defense" for ::1 at 2019-07-07 14:15:14 +0900
Processing by HomeController#defense as HTML
  Rendering home/defense.html.erb within layouts/application
  Rendered home/defense.html.erb within layouts/application (0.3ms)
Completed 200 OK in 35ms (Views: 32.3ms | ActiveRecord: 0.0ms)


Started GET "/" for ::1 at 2019-07-07 14:18:46 +0900
Processing by HomeController#index as HTML
  Rendering home/index.html.erb within layouts/application
  Rendered home/index.html.erb within layouts/application (0.4ms)
Completed 200 OK in 35ms (Views: 32.0ms | ActiveRecord: 0.0ms)


Started GET "/" for ::1 at 2019-07-07 14:19:08 +0900
Processing by HomeController#index as HTML
  Rendering home/index.html.erb within layouts/application
  Rendered home/index.html.erb within layouts/application (0.3ms)
Completed 200 OK in 34ms (Views: 31.1ms | ActiveRecord: 0.0ms)


Started GET "/" for ::1 at 2019-07-07 14:19:11 +0900
Processing by HomeController#index as HTML
  Rendering home/index.html.erb within layouts/application
  Rendered home/index.html.erb within layouts/application (0.6ms)
Completed 200 OK in 33ms (Views: 29.8ms | ActiveRecord: 0.0ms)


Started GET "/" for ::1 at 2019-07-07 14:19:16 +0900
Processing by HomeController#index as HTML
  Rendering home/index.html.erb within layouts/application
  Rendered home/index.html.erb within layouts/application (0.4ms)
Completed 200 OK in 37ms (Views: 32.8ms | ActiveRecord: 0.0ms)


Started GET "/attack?userA=%EC%B2%A0%EC%88%98%EA%B0%80&userB=" for ::1 at 2019-07-07 14:19:29 +0900
Processing by HomeController#attack as HTML
  Parameters: {"userA"=>"철수가", "userB"=>""}
  Rendering home/attack.html.erb within layouts/application
  Rendered home/attack.html.erb within layouts/application (0.3ms)
Completed 200 OK in 26ms (Views: 22.7ms | ActiveRecord: 0.0ms)


Started GET "/attack?userA=%EC%B2%A0%EC%88%98%EA%B0%80&userB=%EB%82%A8%EC%A7%84%EC%9D%B4%EB%A5%BC" for ::1 at 2019-07-07 14:19:36 +0900
Processing by HomeController#attack as HTML
  Parameters: {"userA"=>"철수가", "userB"=>"남진이를"}
  Rendering home/attack.html.erb within layouts/application
  Rendered home/attack.html.erb within layouts/application (0.3ms)
Completed 200 OK in 25ms (Views: 22.3ms | ActiveRecord: 0.0ms)


Started GET "/attack?userA=%EC%B2%A0%EC%88%98%EA%B0%80&userB=%EB%82%A8%EC%A7%84%EC%9D%B4%EB%A5%BC" for ::1 at 2019-07-07 14:25:38 +0900
Processing by HomeController#attack as HTML
  Parameters: {"userA"=>"철수가", "userB"=>"남진이를"}
  Rendering home/attack.html.erb within layouts/application
  Rendered home/attack.html.erb within layouts/application (0.4ms)
Completed 200 OK in 28ms (Views: 25.0ms | ActiveRecord: 0.0ms)


Started GET "/attack?userA=%EC%B2%A0%EC%88%98%EA%B0%80&userB=%EB%82%A8%EC%A7%84%EC%9D%B4%EB%A5%BC" for ::1 at 2019-07-07 14:28:02 +0900
Processing by HomeController#attack as HTML
  Parameters: {"userA"=>"철수가", "userB"=>"남진이를"}
  Rendering home/attack.html.erb within layouts/application
  Rendered home/attack.html.erb within layouts/application (0.5ms)
Completed 200 OK in 29ms (Views: 25.5ms | ActiveRecord: 0.0ms)


Started GET "/attack?userA=%EC%B2%A0%EC%88%98%EA%B0%80&userB=%EB%82%A8%EC%A7%84%EC%9D%B4%EB%A5%BC" for ::1 at 2019-07-07 14:29:09 +0900
Processing by HomeController#attack as HTML
  Parameters: {"userA"=>"철수가", "userB"=>"남진이를"}
  Rendering home/attack.html.erb within layouts/application
  Rendered home/attack.html.erb within layouts/application (0.4ms)
Completed 200 OK in 29ms (Views: 25.2ms | ActiveRecord: 0.0ms)


Started GET "/attack?userA=%EC%B2%A0%EC%88%98%EA%B0%80&userB=%EB%82%A8%EC%A7%84%EC%9D%B4%EB%A5%BC" for ::1 at 2019-07-07 14:29:11 +0900
Processing by HomeController#attack as HTML
  Parameters: {"userA"=>"철수가", "userB"=>"남진이를"}
  Rendering home/attack.html.erb within layouts/application
  Rendered home/attack.html.erb within layouts/application (0.4ms)
Completed 200 OK in 27ms (Views: 24.0ms | ActiveRecord: 0.0ms)


Started GET "/attack?userA=%EC%B2%A0%EC%88%98%EA%B0%80&userB=%EB%82%A8%EC%A7%84%EC%9D%B4%EB%A5%BC" for ::1 at 2019-07-07 14:29:12 +0900
Processing by HomeController#attack as HTML
  Parameters: {"userA"=>"철수가", "userB"=>"남진이를"}
  Rendering home/attack.html.erb within layouts/application
  Rendered home/attack.html.erb within layouts/application (0.4ms)
Completed 200 OK in 28ms (Views: 25.3ms | ActiveRecord: 0.0ms)


Started GET "/" for ::1 at 2019-07-07 14:29:31 +0900
Processing by HomeController#index as HTML
  Rendering home/index.html.erb within layouts/application
  Rendered home/index.html.erb within layouts/application (0.3ms)
Completed 200 OK in 29ms (Views: 25.9ms | ActiveRecord: 0.0ms)


Started GET "/attack?userA=%EC%B2%A0%EC%88%98&userB=%EB%82%A8%EC%A7%84" for ::1 at 2019-07-07 14:29:36 +0900
Processing by HomeController#attack as HTML
  Parameters: {"userA"=>"철수", "userB"=>"남진"}
  Rendering home/attack.html.erb within layouts/application
  Rendered home/attack.html.erb within layouts/application (0.3ms)
Completed 200 OK in 32ms (Views: 28.4ms | ActiveRecord: 0.0ms)


Started GET "/attack?userA=%EC%B2%A0%EC%88%98&userB=%EB%82%A8%EC%A7%84" for ::1 at 2019-07-07 14:31:03 +0900
Processing by HomeController#attack as HTML
  Parameters: {"userA"=>"철수", "userB"=>"남진"}
  Rendering home/attack.html.erb within layouts/application
  Rendered home/attack.html.erb within layouts/application (0.4ms)
Completed 200 OK in 30ms (Views: 26.8ms | ActiveRecord: 0.0ms)


Started GET "/attack?userA=%EC%B2%A0%EC%88%98&userB=%EB%82%A8%EC%A7%84" for ::1 at 2019-07-07 14:31:04 +0900
Processing by HomeController#attack as HTML
  Parameters: {"userA"=>"철수", "userB"=>"남진"}
  Rendering home/attack.html.erb within layouts/application
  Rendered home/attack.html.erb within layouts/application (0.3ms)
Completed 200 OK in 29ms (Views: 25.4ms | ActiveRecord: 0.0ms)


Started GET "/" for ::1 at 2019-07-07 14:31:04 +0900
Processing by HomeController#index as HTML
  Rendering home/index.html.erb within layouts/application
  Rendered home/index.html.erb within layouts/application (0.4ms)
Completed 200 OK in 30ms (Views: 25.7ms | ActiveRecord: 0.0ms)


Started GET "/attack?userA=%EC%B2%A0%EC%88%98&userB=%EB%82%A8%EC%A7%84" for ::1 at 2019-07-07 14:33:09 +0900
Processing by HomeController#attack as HTML
  Parameters: {"userA"=>"철수", "userB"=>"남진"}
  Rendering home/attack.html.erb within layouts/application
  Rendered home/attack.html.erb within layouts/application (0.5ms)
Completed 200 OK in 28ms (Views: 24.9ms | ActiveRecord: 0.0ms)


Started GET "/attack?userA=%EC%B2%A0%EC%88%98&userB=%EB%82%A8%EC%A7%84" for ::1 at 2019-07-07 14:34:07 +0900
Processing by HomeController#attack as HTML
  Parameters: {"userA"=>"철수", "userB"=>"남진"}
  Rendering home/attack.html.erb within layouts/application
  Rendered home/attack.html.erb within layouts/application (0.3ms)
Completed 200 OK in 27ms (Views: 23.8ms | ActiveRecord: 0.0ms)


Started GET "/attack?userA=%EC%B2%A0%EC%88%98&userB=%EB%82%A8%EC%A7%84" for ::1 at 2019-07-07 14:34:30 +0900
Processing by HomeController#attack as HTML
  Parameters: {"userA"=>"철수", "userB"=>"남진"}
  Rendering home/attack.html.erb within layouts/application
  Rendered home/attack.html.erb within layouts/application (0.4ms)
Completed 200 OK in 29ms (Views: 25.8ms | ActiveRecord: 0.0ms)


Started GET "/attack?userA=%EC%B2%A0%EC%88%98&userB=%EB%82%A8%EC%A7%84" for ::1 at 2019-07-07 14:35:19 +0900
Processing by HomeController#attack as HTML
  Parameters: {"userA"=>"철수", "userB"=>"남진"}
  Rendering home/attack.html.erb within layouts/application
  Rendered home/attack.html.erb within layouts/application (0.4ms)
Completed 200 OK in 30ms (Views: 26.8ms | ActiveRecord: 0.0ms)


Started GET "/attack?userA=%EC%B2%A0%EC%88%98&userB=%EB%82%A8%EC%A7%84" for ::1 at 2019-07-07 14:35:22 +0900
Processing by HomeController#attack as HTML
  Parameters: {"userA"=>"철수", "userB"=>"남진"}
  Rendering home/attack.html.erb within layouts/application
  Rendered home/attack.html.erb within layouts/application (0.4ms)
Completed 200 OK in 26ms (Views: 22.8ms | ActiveRecord: 0.0ms)


Started GET "/attack?userA=%EC%B2%A0%EC%88%98&userB=%EB%82%A8%EC%A7%84" for ::1 at 2019-07-07 14:37:02 +0900
Processing by HomeController#attack as HTML
  Parameters: {"userA"=>"철수", "userB"=>"남진"}
  Rendering home/attack.html.erb within layouts/application
  Rendered home/attack.html.erb within layouts/application (0.3ms)
Completed 200 OK in 31ms (Views: 27.9ms | ActiveRecord: 0.0ms)


Started GET "/attack?userA=%EC%B2%A0%EC%88%98&userB=%EB%82%A8%EC%A7%84" for ::1 at 2019-07-07 14:37:04 +0900
Processing by HomeController#attack as HTML
  Parameters: {"userA"=>"철수", "userB"=>"남진"}
  Rendering home/attack.html.erb within layouts/application
  Rendered home/attack.html.erb within layouts/application (0.3ms)
Completed 200 OK in 30ms (Views: 26.3ms | ActiveRecord: 0.0ms)


Started GET "/attack?userA=%EC%B2%A0%EC%88%98&userB=%EB%82%A8%EC%A7%84" for ::1 at 2019-07-07 14:37:05 +0900
Processing by HomeController#attack as HTML
  Parameters: {"userA"=>"철수", "userB"=>"남진"}
  Rendering home/attack.html.erb within layouts/application
  Rendered home/attack.html.erb within layouts/application (0.4ms)
Completed 200 OK in 28ms (Views: 24.8ms | ActiveRecord: 0.0ms)


Started GET "/attack?userA=%EC%B2%A0%EC%88%98&userB=%EB%82%A8%EC%A7%84" for ::1 at 2019-07-07 14:37:05 +0900
Processing by HomeController#attack as HTML
  Parameters: {"userA"=>"철수", "userB"=>"남진"}
  Rendering home/attack.html.erb within layouts/application
  Rendered home/attack.html.erb within layouts/application (0.4ms)
Completed 200 OK in 28ms (Views: 24.4ms | ActiveRecord: 0.0ms)


Started GET "/attack?userA=%EC%B2%A0%EC%88%98&userB=%EB%82%A8%EC%A7%84" for ::1 at 2019-07-07 14:37:05 +0900
Processing by HomeController#attack as HTML
  Parameters: {"userA"=>"철수", "userB"=>"남진"}
  Rendering home/attack.html.erb within layouts/application
  Rendered home/attack.html.erb within layouts/application (0.3ms)
Completed 200 OK in 28ms (Views: 25.0ms | ActiveRecord: 0.0ms)


Started GET "/attack?userA=%EC%B2%A0%EC%88%98&userB=%EB%82%A8%EC%A7%84" for ::1 at 2019-07-07 14:37:05 +0900
Processing by HomeController#attack as HTML
  Parameters: {"userA"=>"철수", "userB"=>"남진"}
  Rendering home/attack.html.erb within layouts/application
  Rendered home/attack.html.erb within layouts/application (0.3ms)
Completed 200 OK in 26ms (Views: 23.0ms | ActiveRecord: 0.0ms)


Started GET "/attack?userA=%EC%B2%A0%EC%88%98&userB=%EB%82%A8%EC%A7%84" for ::1 at 2019-07-07 14:37:05 +0900
Processing by HomeController#attack as HTML
  Parameters: {"userA"=>"철수", "userB"=>"남진"}
  Rendering home/attack.html.erb within layouts/application
  Rendered home/attack.html.erb within layouts/application (0.5ms)
Completed 200 OK in 28ms (Views: 24.6ms | ActiveRecord: 0.0ms)


Started GET "/attack?userA=%EC%B2%A0%EC%88%98&userB=%EB%82%A8%EC%A7%84" for ::1 at 2019-07-07 14:37:24 +0900
Processing by HomeController#attack as HTML
  Parameters: {"userA"=>"철수", "userB"=>"남진"}
  Rendering home/attack.html.erb within layouts/application
  Rendered home/attack.html.erb within layouts/application (0.4ms)
Completed 200 OK in 29ms (Views: 25.9ms | ActiveRecord: 0.0ms)


Started GET "/attack?userA=%EC%B2%A0%EC%88%98&userB=%EB%82%A8%EC%A7%84" for ::1 at 2019-07-07 14:37:39 +0900
Processing by HomeController#attack as HTML
  Parameters: {"userA"=>"철수", "userB"=>"남진"}
  Rendering home/attack.html.erb within layouts/application
  Rendered home/attack.html.erb within layouts/application (0.5ms)
Completed 200 OK in 33ms (Views: 29.1ms | ActiveRecord: 0.0ms)


Started GET "/attack?userA=%EC%B2%A0%EC%88%98&userB=%EB%82%A8%EC%A7%84" for ::1 at 2019-07-07 14:37:50 +0900
Processing by HomeController#attack as HTML
  Parameters: {"userA"=>"철수", "userB"=>"남진"}
  Rendering home/attack.html.erb within layouts/application
  Rendered home/attack.html.erb within layouts/application (0.3ms)
Completed 200 OK in 29ms (Views: 25.9ms | ActiveRecord: 0.0ms)


Started GET "/attack?userA=%EC%B2%A0%EC%88%98&userB=%EB%82%A8%EC%A7%84" for ::1 at 2019-07-07 14:38:25 +0900
Processing by HomeController#attack as HTML
  Parameters: {"userA"=>"철수", "userB"=>"남진"}
  Rendering home/attack.html.erb within layouts/application
  Rendered home/attack.html.erb within layouts/application (0.5ms)
Completed 200 OK in 36ms (Views: 31.9ms | ActiveRecord: 0.0ms)


Started GET "/attack?userA=%EC%B2%A0%EC%88%98&userB=%EB%82%A8%EC%A7%84" for ::1 at 2019-07-07 14:38:25 +0900
Processing by HomeController#attack as HTML
  Parameters: {"userA"=>"철수", "userB"=>"남진"}
  Rendering home/attack.html.erb within layouts/application
  Rendered home/attack.html.erb within layouts/application (0.4ms)
Completed 200 OK in 28ms (Views: 24.9ms | ActiveRecord: 0.0ms)


Started GET "/attack?userA=%EC%B2%A0%EC%88%98&userB=%EB%82%A8%EC%A7%84" for ::1 at 2019-07-07 14:38:27 +0900
Processing by HomeController#attack as HTML
  Parameters: {"userA"=>"철수", "userB"=>"남진"}
  Rendering home/attack.html.erb within layouts/application
  Rendered home/attack.html.erb within layouts/application (0.3ms)
Completed 200 OK in 28ms (Views: 24.5ms | ActiveRecord: 0.0ms)


Started GET "/attack?userA=%EC%B2%A0%EC%88%98&userB=%EB%82%A8%EC%A7%84" for ::1 at 2019-07-07 14:38:47 +0900
Processing by HomeController#attack as HTML
  Parameters: {"userA"=>"철수", "userB"=>"남진"}
  Rendering home/attack.html.erb within layouts/application
  Rendered home/attack.html.erb within layouts/application (0.5ms)
Completed 200 OK in 29ms (Views: 25.0ms | ActiveRecord: 0.0ms)


Started GET "/attack?userA=%EC%B2%A0%EC%88%98&userB=%EB%82%A8%EC%A7%84" for ::1 at 2019-07-07 14:39:29 +0900
Processing by HomeController#attack as HTML
  Parameters: {"userA"=>"철수", "userB"=>"남진"}
  Rendering home/attack.html.erb within layouts/application
  Rendered home/attack.html.erb within layouts/application (0.4ms)
Completed 200 OK in 29ms (Views: 25.2ms | ActiveRecord: 0.0ms)


Started GET "/attack?userA=%EC%B2%A0%EC%88%98&userB=%EB%82%A8%EC%A7%84" for ::1 at 2019-07-07 14:39:36 +0900
Processing by HomeController#attack as HTML
  Parameters: {"userA"=>"철수", "userB"=>"남진"}
  Rendering home/attack.html.erb within layouts/application
  Rendered home/attack.html.erb within layouts/application (0.7ms)
Completed 200 OK in 231ms (Views: 209.7ms | ActiveRecord: 0.0ms)


Started GET "/attack?userA=%EC%B2%A0%EC%88%98&userB=%EB%82%A8%EC%A7%84" for ::1 at 2019-07-07 14:39:40 +0900
Processing by HomeController#attack as HTML
  Parameters: {"userA"=>"철수", "userB"=>"남진"}
  Rendering home/attack.html.erb within layouts/application
  Rendered home/attack.html.erb within layouts/application (0.4ms)
Completed 200 OK in 28ms (Views: 24.1ms | ActiveRecord: 0.0ms)


Started GET "/attack?userA=%EC%84%9C%EB%A6%BC&userB=%EB%82%A8%EC%A7%84" for ::1 at 2019-07-07 14:39:53 +0900
Processing by HomeController#attack as HTML
  Parameters: {"userA"=>"서림", "userB"=>"남진"}
  Rendering home/attack.html.erb within layouts/application
  Rendered home/attack.html.erb within layouts/application (0.4ms)
Completed 200 OK in 27ms (Views: 23.7ms | ActiveRecord: 0.0ms)


Started GET "/attack?userA=%EC%84%9C%EB%A6%BC&userB=%EB%82%A8%EC%A7%84" for ::1 at 2019-07-07 15:42:03 +0900
Processing by HomeController#attack as HTML
  Parameters: {"userA"=>"서림", "userB"=>"남진"}
  Rendering home/attack.html.erb within layouts/application
  Rendered home/attack.html.erb within layouts/application (1.0ms)
Completed 200 OK in 252ms (Views: 230.4ms | ActiveRecord: 0.0ms)


Started GET "/" for ::1 at 2019-07-07 15:42:07 +0900
Processing by HomeController#index as HTML
  Rendering home/index.html.erb within layouts/application
  Rendered home/index.html.erb within layouts/application (0.4ms)
Completed 200 OK in 29ms (Views: 24.8ms | ActiveRecord: 0.0ms)


Started GET "/" for ::1 at 2019-07-07 22:31:15 +0900
Processing by HomeController#index as HTML
  Rendering home/index.html.erb within layouts/application
  Rendered home/index.html.erb within layouts/application (1.5ms)
Completed 200 OK in 266ms (Views: 244.7ms | ActiveRecord: 0.0ms)


Started GET "/defense?userA=%EB%82%A8%EC%A7%84&userB=%EC%88%98%ED%98%84" for ::1 at 2019-07-07 22:31:22 +0900
Processing by HomeController#defense as HTML
  Parameters: {"userA"=>"남진", "userB"=>"수현"}
  Rendering home/defense.html.erb within layouts/application
  Rendered home/defense.html.erb within layouts/application (0.4ms)
Completed 200 OK in 28ms (Views: 24.4ms | ActiveRecord: 0.0ms)


Started GET "/defense?userA=%EB%82%A8%EC%A7%84&userB=%EC%88%98%ED%98%84" for ::1 at 2019-07-07 22:31:46 +0900
Processing by HomeController#defense as HTML
  Parameters: {"userA"=>"남진", "userB"=>"수현"}
  Rendering home/defense.html.erb within layouts/application
  Rendered home/defense.html.erb within layouts/application (0.5ms)
Completed 200 OK in 29ms (Views: 26.0ms | ActiveRecord: 0.0ms)


